<?xml version="1.0" encoding="UTF-8" ?>
<testsuites>
<testsuite name="FTSE 100" errors="0" tests="1" failures="0" time="0.004" timestamp="2014-08-20T07:10:46">
  <testcase classname="FTSE 100" name="Should retrieve latest stock quotes" time="0.003"></testcase>
</testsuite>
</testsuites>