<?xml version="1.0" encoding="UTF-8" ?>
<testsuites>

  <testsuite name="Player" errors="0" tests="1" failures="0" time="0.007" timestamp="Sat Jul 26 2014 19:28:12 GMT-0700 (PDT)">
    
      <testcase assertions="0" classname="Player" name="should be able to play a Song" time="0.001">
        
      </testcase>
    
  </testsuite>

</testsuites>